<?xml version="1.0" encoding="UTF-8"?>
<testng-results ignored="0" total="1" passed="1" failed="0" skipped="0">
  <reporter-output>
  </reporter-output>
  <suite started-at="2025-05-16T18:36:29 IST" name="Suite" finished-at="2025-05-16T18:37:11 IST" duration-ms="41528">
    <groups>
    </groups>
    <test started-at="2025-05-16T18:36:29 IST" name="Test" finished-at="2025-05-16T18:37:11 IST" duration-ms="41528">
      <class name="testRunner.PIM">
        <test-method signature="executionMethod()[pri:0, instance:testRunner.PIM@3646a422]" started-at="2025-05-16T18:36:29 IST" name="executionMethod" finished-at="2025-05-16T18:37:11 IST" duration-ms="41474" status="PASS">
          <reporter-output>
          </reporter-output>
        </test-method> <!-- executionMethod -->
      </class> <!-- testRunner.PIM -->
    </test> <!-- Test -->
  </suite> <!-- Suite -->
</testng-results>
