<?xml version="1.0" encoding="UTF-8"?>
<testng-results ignored="0" total="1" passed="1" failed="0" skipped="0">
  <reporter-output>
  </reporter-output>
  <suite started-at="2026-02-12T13:08:27 IST" name="Suite" finished-at="2026-02-12T13:13:34 IST" duration-ms="306508">
    <groups>
    </groups>
    <test started-at="2026-02-12T13:08:27 IST" name="Test" finished-at="2026-02-12T13:13:34 IST" duration-ms="306508">
      <class name="testRunner.PIM">
        <test-method is-config="true" signature="preSetup(java.lang.String)[pri:0, instance:testRunner.PIM@17bffc17]" started-at="2026-02-12T13:08:27 IST" name="preSetup" finished-at="2026-02-12T13:08:27 IST" duration-ms="252" status="PASS">
          <params>
            <param index="0">
              <value>
                <![CDATA[OrangeHrm]]>
              </value>
            </param>
          </params>
          <reporter-output>
          </reporter-output>
        </test-method> <!-- preSetup -->
        <test-method is-config="true" signature="setup()[pri:0, instance:testRunner.PIM@17bffc17]" started-at="2026-02-12T13:08:27 IST" name="setup" finished-at="2026-02-12T13:08:31 IST" duration-ms="3468" status="PASS">
          <reporter-output>
          </reporter-output>
        </test-method> <!-- setup -->
        <test-method signature="verifyPIMPage()[pri:0, instance:testRunner.PIM@17bffc17]" started-at="2026-02-12T13:08:31 IST" name="verifyPIMPage" finished-at="2026-02-12T13:13:33 IST" duration-ms="302302" status="PASS">
          <reporter-output>
          </reporter-output>
        </test-method> <!-- verifyPIMPage -->
        <test-method is-config="true" signature="afterMethod(org.testng.ITestResult)[pri:0, instance:testRunner.PIM@17bffc17]" started-at="2026-02-12T13:13:33 IST" name="afterMethod" finished-at="2026-02-12T13:13:34 IST" duration-ms="696" status="PASS">
          <params>
            <param index="0">
              <value>
                <![CDATA[[TestResult name=verifyPIMPage status=SUCCESS method=PIM.verifyPIMPage()[pri:0, instance:testRunner.PIM@17bffc17] output={null}]]]>
              </value>
            </param>
          </params>
          <reporter-output>
          </reporter-output>
        </test-method> <!-- afterMethod -->
        <test-method is-config="true" signature="postCleanup()[pri:0, instance:testRunner.PIM@17bffc17]" started-at="2026-02-12T13:13:34 IST" name="postCleanup" finished-at="2026-02-12T13:13:34 IST" duration-ms="533" status="PASS">
          <reporter-output>
          </reporter-output>
        </test-method> <!-- postCleanup -->
      </class> <!-- testRunner.PIM -->
    </test> <!-- Test -->
  </suite> <!-- Suite -->
</testng-results>
